build/app/intermediates/manifest_merge_blame_file/release/manifest-merger-blame-release-report.txt
1<?xml version="1.0" encoding="utf-8"?>
2<manifest xmlns:android="http://schemas.android.com/apk/res/android"
3    package="com.harmani.paneduapp"
4    android:versionCode="34"
5    android:versionName="6.0" >
6
7    <uses-sdk
8        android:minSdkVersion="22"
8-->src\main\AndroidManifest.xml
9        android:targetSdkVersion="33" />
9-->src\main\AndroidManifest.xml
10
11    <uses-permission android:name="android.permission.INTERNET" />
11-->src\main\AndroidManifest.xml:5:5-67
11-->src\main\AndroidManifest.xml:5:22-64
12    <uses-permission android:name="android.permission.ACCESS_WIFI_STATE" />
12-->src\main\AndroidManifest.xml:6:5-76
12-->src\main\AndroidManifest.xml:6:22-73
13    <uses-permission android:name="android.permission.ACCESS_NETWORK_STATE" />
13-->src\main\AndroidManifest.xml:7:5-79
13-->src\main\AndroidManifest.xml:7:22-76
14    <uses-permission android:name="android.permission.WRITE_EXTERNAL_STORAGE" />
14-->src\main\AndroidManifest.xml:8:5-81
14-->src\main\AndroidManifest.xml:8:22-78
15    <uses-permission android:name="android.permission.READ_EXTERNAL_STORAGE" />
15-->src\main\AndroidManifest.xml:9:5-80
15-->src\main\AndroidManifest.xml:9:22-77
16    <uses-permission android:name="android.permission.ACCESS_FINE_LOCATION" />
16-->src\main\AndroidManifest.xml:10:5-79
16-->src\main\AndroidManifest.xml:10:22-76
17    <uses-permission android:name="android.permission.ACCESS_COARSE_LOCATION" />
17-->src\main\AndroidManifest.xml:11:5-81
17-->src\main\AndroidManifest.xml:11:22-78
18
19    <uses-feature android:name="android.hardware.camera" />
19-->src\main\AndroidManifest.xml:13:5-60
19-->src\main\AndroidManifest.xml:13:19-57
20    <uses-feature android:name="android.hardware.camera.autofocus" />
20-->src\main\AndroidManifest.xml:14:5-70
20-->src\main\AndroidManifest.xml:14:19-67
21
22    <uses-permission android:name="android.permission.CAMERA" />
22-->src\main\AndroidManifest.xml:16:5-65
22-->src\main\AndroidManifest.xml:16:22-62
23    <uses-permission android:name="android.permission.RECORD_AUDIO" />
23-->src\main\AndroidManifest.xml:17:5-71
23-->src\main\AndroidManifest.xml:17:22-68
24    <uses-permission android:name="android.permission.ACCESS_NETWORK_STATE" />
24-->src\main\AndroidManifest.xml:7:5-79
24-->src\main\AndroidManifest.xml:7:22-76
25    <uses-permission android:name="android.permission.CHANGE_NETWORK_STATE" />
25-->src\main\AndroidManifest.xml:19:5-79
25-->src\main\AndroidManifest.xml:19:22-76
26    <uses-permission android:name="android.permission.MODIFY_AUDIO_SETTINGS" />
26-->src\main\AndroidManifest.xml:20:5-80
26-->src\main\AndroidManifest.xml:20:22-77
27    <uses-permission android:name="android.permission.BLUETOOTH" />
27-->src\main\AndroidManifest.xml:21:5-68
27-->src\main\AndroidManifest.xml:21:22-65
28    <uses-permission android:name="android.permission.BLUETOOTH_ADMIN" />
28-->src\main\AndroidManifest.xml:22:5-74
28-->src\main\AndroidManifest.xml:22:22-71
29    <uses-permission android:name="android.permission.VIDEO_CAPTURE" />
29-->src\main\AndroidManifest.xml:23:5-72
29-->src\main\AndroidManifest.xml:23:22-69
30    <uses-permission android:name="android.permission.AUDIO_CAPTURE" />
30-->src\main\AndroidManifest.xml:24:5-72
30-->src\main\AndroidManifest.xml:24:22-69
31    <uses-permission android:name="com.google.android.gms.permission.AD_ID" />
31-->src\main\AndroidManifest.xml:25:5-79
31-->src\main\AndroidManifest.xml:25:22-76
32    <uses-permission android:name="android.permission.WAKE_LOCK" /> <!-- Permissions options for the `notification` group -->
32-->[:firebase_messaging] AndroidManifest.xml:10:5-68
32-->[:firebase_messaging] AndroidManifest.xml:10:22-65
33    <uses-permission android:name="android.permission.POST_NOTIFICATIONS" />
33-->[:firebase_messaging] AndroidManifest.xml:13:5-77
33-->[:firebase_messaging] AndroidManifest.xml:13:22-74
34
35    <queries>
35-->[:flutter_inappwebview] AndroidManifest.xml:9:5-13:15
36        <intent>
36-->[:flutter_inappwebview] AndroidManifest.xml:10:9-12:18
37            <action android:name="android.support.customtabs.action.CustomTabsService" />
37-->[:flutter_inappwebview] AndroidManifest.xml:11:13-90
37-->[:flutter_inappwebview] AndroidManifest.xml:11:21-87
38        </intent>
39
40        <package android:name="com.facebook.katana" />
40-->[com.facebook.android:audience-network-sdk:6.14.0] AndroidManifest.xml:12:9-55
40-->[com.facebook.android:audience-network-sdk:6.14.0] AndroidManifest.xml:12:18-52
41
42        <intent>
42-->[com.google.firebase:firebase-inappmessaging-display:20.3.2] AndroidManifest.xml:13:9-17:18
43            <action android:name="android.intent.action.VIEW" />
43-->src\main\AndroidManifest.xml:48:17-69
43-->src\main\AndroidManifest.xml:48:25-66
44
45            <data android:scheme="https" />
45-->src\main\AndroidManifest.xml:53:17-55:46
45-->src\main\AndroidManifest.xml:55:21-43
46        </intent> <!-- For browser content -->
47        <intent>
47-->[com.google.android.gms:play-services-ads-lite:22.0.0] AndroidManifest.xml:35:9-41:18
48            <action android:name="android.intent.action.VIEW" />
48-->src\main\AndroidManifest.xml:48:17-69
48-->src\main\AndroidManifest.xml:48:25-66
49
50            <category android:name="android.intent.category.BROWSABLE" />
50-->src\main\AndroidManifest.xml:51:17-78
50-->src\main\AndroidManifest.xml:51:27-75
51
52            <data android:scheme="https" />
52-->src\main\AndroidManifest.xml:53:17-55:46
52-->src\main\AndroidManifest.xml:55:21-43
53        </intent>
54    </queries> <!-- Create a unique permission for your app and use it so only your app can receive your OneSignal messages. -->
55    <permission
55-->[com.onesignal:OneSignal:4.8.5] AndroidManifest.xml:7:5-9:47
56        android:name="com.harmani.paneduapp.permission.C2D_MESSAGE"
56-->[com.onesignal:OneSignal:4.8.5] AndroidManifest.xml:8:9-63
57        android:protectionLevel="signature" />
57-->[com.onesignal:OneSignal:4.8.5] AndroidManifest.xml:9:9-44
58
59    <uses-permission android:name="com.harmani.paneduapp.permission.C2D_MESSAGE" /> <!-- c2dm RECEIVE are basic requirements for push messages through Google's FCM -->
59-->[com.onesignal:OneSignal:4.8.5] AndroidManifest.xml:11:5-79
59-->[com.onesignal:OneSignal:4.8.5] AndroidManifest.xml:11:22-76
60    <uses-permission android:name="com.google.android.c2dm.permission.RECEIVE" />
60-->[com.onesignal:OneSignal:4.8.5] AndroidManifest.xml:18:5-82
60-->[com.onesignal:OneSignal:4.8.5] AndroidManifest.xml:18:22-79
61    <!--
62 Required so the device vibrates on receiving a push notification.
63         Vibration settings of the device still apply.
64    -->
65    <uses-permission android:name="android.permission.VIBRATE" />
65-->[com.onesignal:OneSignal:4.8.5] AndroidManifest.xml:24:5-66
65-->[com.onesignal:OneSignal:4.8.5] AndroidManifest.xml:24:22-63
66    <!--
67 Use to restore notifications the user hasn't interacted with.
68         They could be missed notifications if the user reboots their device if this isn't in place.
69    -->
70    <uses-permission android:name="android.permission.RECEIVE_BOOT_COMPLETED" /> <!-- START: ShortcutBadger -->
70-->[com.onesignal:OneSignal:4.8.5] AndroidManifest.xml:30:5-81
70-->[com.onesignal:OneSignal:4.8.5] AndroidManifest.xml:30:22-78
71    <!-- Samsung -->
72    <uses-permission android:name="com.sec.android.provider.badge.permission.READ" />
72-->[com.onesignal:OneSignal:4.8.5] AndroidManifest.xml:32:5-86
72-->[com.onesignal:OneSignal:4.8.5] AndroidManifest.xml:32:22-83
73    <uses-permission android:name="com.sec.android.provider.badge.permission.WRITE" /> <!-- HTC -->
73-->[com.onesignal:OneSignal:4.8.5] AndroidManifest.xml:33:5-87
73-->[com.onesignal:OneSignal:4.8.5] AndroidManifest.xml:33:22-84
74    <uses-permission android:name="com.htc.launcher.permission.READ_SETTINGS" />
74-->[com.onesignal:OneSignal:4.8.5] AndroidManifest.xml:34:5-81
74-->[com.onesignal:OneSignal:4.8.5] AndroidManifest.xml:34:22-78
75    <uses-permission android:name="com.htc.launcher.permission.UPDATE_SHORTCUT" /> <!-- Sony -->
75-->[com.onesignal:OneSignal:4.8.5] AndroidManifest.xml:35:5-83
75-->[com.onesignal:OneSignal:4.8.5] AndroidManifest.xml:35:22-80
76    <uses-permission android:name="com.sonyericsson.home.permission.BROADCAST_BADGE" />
76-->[com.onesignal:OneSignal:4.8.5] AndroidManifest.xml:36:5-88
76-->[com.onesignal:OneSignal:4.8.5] AndroidManifest.xml:36:22-85
77    <uses-permission android:name="com.sonymobile.home.permission.PROVIDER_INSERT_BADGE" /> <!-- Apex -->
77-->[com.onesignal:OneSignal:4.8.5] AndroidManifest.xml:37:5-92
77-->[com.onesignal:OneSignal:4.8.5] AndroidManifest.xml:37:22-89
78    <uses-permission android:name="com.anddoes.launcher.permission.UPDATE_COUNT" /> <!-- Solid -->
78-->[com.onesignal:OneSignal:4.8.5] AndroidManifest.xml:38:5-84
78-->[com.onesignal:OneSignal:4.8.5] AndroidManifest.xml:38:22-81
79    <uses-permission android:name="com.majeur.launcher.permission.UPDATE_BADGE" /> <!-- Huawei -->
79-->[com.onesignal:OneSignal:4.8.5] AndroidManifest.xml:39:5-83
79-->[com.onesignal:OneSignal:4.8.5] AndroidManifest.xml:39:22-80
80    <uses-permission android:name="com.huawei.android.launcher.permission.CHANGE_BADGE" />
80-->[com.onesignal:OneSignal:4.8.5] AndroidManifest.xml:40:5-91
80-->[com.onesignal:OneSignal:4.8.5] AndroidManifest.xml:40:22-88
81    <uses-permission android:name="com.huawei.android.launcher.permission.READ_SETTINGS" />
81-->[com.onesignal:OneSignal:4.8.5] AndroidManifest.xml:41:5-92
81-->[com.onesignal:OneSignal:4.8.5] AndroidManifest.xml:41:22-89
82    <uses-permission android:name="com.huawei.android.launcher.permission.WRITE_SETTINGS" /> <!-- ZUK -->
82-->[com.onesignal:OneSignal:4.8.5] AndroidManifest.xml:42:5-93
82-->[com.onesignal:OneSignal:4.8.5] AndroidManifest.xml:42:22-90
83    <uses-permission android:name="android.permission.READ_APP_BADGE" /> <!-- OPPO -->
83-->[com.onesignal:OneSignal:4.8.5] AndroidManifest.xml:43:5-73
83-->[com.onesignal:OneSignal:4.8.5] AndroidManifest.xml:43:22-70
84    <uses-permission android:name="com.oppo.launcher.permission.READ_SETTINGS" />
84-->[com.onesignal:OneSignal:4.8.5] AndroidManifest.xml:44:5-82
84-->[com.onesignal:OneSignal:4.8.5] AndroidManifest.xml:44:22-79
85    <uses-permission android:name="com.oppo.launcher.permission.WRITE_SETTINGS" /> <!-- EvMe -->
85-->[com.onesignal:OneSignal:4.8.5] AndroidManifest.xml:45:5-83
85-->[com.onesignal:OneSignal:4.8.5] AndroidManifest.xml:45:22-80
86    <uses-permission android:name="me.everything.badger.permission.BADGE_COUNT_READ" />
86-->[com.onesignal:OneSignal:4.8.5] AndroidManifest.xml:46:5-88
86-->[com.onesignal:OneSignal:4.8.5] AndroidManifest.xml:46:22-85
87    <uses-permission android:name="me.everything.badger.permission.BADGE_COUNT_WRITE" />
87-->[com.onesignal:OneSignal:4.8.5] AndroidManifest.xml:47:5-89
87-->[com.onesignal:OneSignal:4.8.5] AndroidManifest.xml:47:22-86
88    <uses-permission android:name="com.google.android.finsky.permission.BIND_GET_INSTALL_REFERRER_SERVICE" />
88-->[com.google.android.gms:play-services-measurement:21.2.2] AndroidManifest.xml:26:5-110
88-->[com.google.android.gms:play-services-measurement:21.2.2] AndroidManifest.xml:26:22-107
89    <uses-permission android:name="android.permission.FOREGROUND_SERVICE" />
89-->[androidx.work:work-runtime:2.7.0] AndroidManifest.xml:28:5-77
89-->[androidx.work:work-runtime:2.7.0] AndroidManifest.xml:28:22-74
90
91    <permission
91-->[androidx.core:core:1.9.0] AndroidManifest.xml:22:5-24:47
92        android:name="com.harmani.paneduapp.DYNAMIC_RECEIVER_NOT_EXPORTED_PERMISSION"
92-->[androidx.core:core:1.9.0] AndroidManifest.xml:23:9-81
93        android:protectionLevel="signature" />
93-->[androidx.core:core:1.9.0] AndroidManifest.xml:24:9-44
94
95    <uses-permission android:name="com.harmani.paneduapp.DYNAMIC_RECEIVER_NOT_EXPORTED_PERMISSION" />
95-->[androidx.core:core:1.9.0] AndroidManifest.xml:26:5-97
95-->[androidx.core:core:1.9.0] AndroidManifest.xml:26:22-94
96
97    <uses-feature
97-->[com.journeyapps:zxing-android-embedded:4.3.0] AndroidManifest.xml:28:5-30:36
98        android:name="android.hardware.camera.front"
98-->[com.journeyapps:zxing-android-embedded:4.3.0] AndroidManifest.xml:29:9-53
99        android:required="false" />
99-->[com.journeyapps:zxing-android-embedded:4.3.0] AndroidManifest.xml:30:9-33
100    <uses-feature
100-->[com.journeyapps:zxing-android-embedded:4.3.0] AndroidManifest.xml:36:5-38:36
101        android:name="android.hardware.camera.flash"
101-->[com.journeyapps:zxing-android-embedded:4.3.0] AndroidManifest.xml:37:9-53
102        android:required="false" />
102-->[com.journeyapps:zxing-android-embedded:4.3.0] AndroidManifest.xml:38:9-33
103    <uses-feature
103-->[com.journeyapps:zxing-android-embedded:4.3.0] AndroidManifest.xml:39:5-41:36
104        android:name="android.hardware.screen.landscape"
104-->[com.journeyapps:zxing-android-embedded:4.3.0] AndroidManifest.xml:40:9-57
105        android:required="false" />
105-->[com.journeyapps:zxing-android-embedded:4.3.0] AndroidManifest.xml:41:9-33
106    <uses-feature
106-->[com.journeyapps:zxing-android-embedded:4.3.0] AndroidManifest.xml:42:5-44:36
107        android:name="android.hardware.wifi"
107-->[com.journeyapps:zxing-android-embedded:4.3.0] AndroidManifest.xml:43:9-45
108        android:required="false" />
108-->[com.journeyapps:zxing-android-embedded:4.3.0] AndroidManifest.xml:44:9-33
109
110    <application
110-->src\main\AndroidManifest.xml:27:5-93:19
111        android:appComponentFactory="androidx.core.app.CoreComponentFactory"
111-->[androidx.core:core:1.9.0] AndroidManifest.xml:28:18-86
112        android:hardwareAccelerated="true"
112-->[:facebook_audience_network] AndroidManifest.xml:9:18-52
113        android:icon="@mipmap/ic_launcher"
113-->src\main\AndroidManifest.xml:28:9-43
114        android:label="Pan Edu"
114-->src\main\AndroidManifest.xml:29:9-32
115        android:requestLegacyExternalStorage="true"
115-->src\main\AndroidManifest.xml:30:9-52
116        android:usesCleartextTraffic="true" >
116-->src\main\AndroidManifest.xml:31:9-44
117        <meta-data
117-->src\main\AndroidManifest.xml:34:9-36:70
118            android:name="com.google.android.gms.ads.APPLICATION_ID"
118-->src\main\AndroidManifest.xml:35:13-69
119            android:value="ca-app-pub-3940256099942544~3347511713" />
119-->src\main\AndroidManifest.xml:36:13-67
120
121        <activity
121-->src\main\AndroidManifest.xml:38:9-73:20
122            android:name="com.mighty.web.MainActivity"
122-->src\main\AndroidManifest.xml:39:13-55
123            android:configChanges="orientation|keyboardHidden|keyboard|screenSize|smallestScreenSize|locale|layoutDirection|fontScale|screenLayout|density|uiMode"
123-->src\main\AndroidManifest.xml:40:13-163
124            android:exported="true"
124-->src\main\AndroidManifest.xml:41:13-36
125            android:hardwareAccelerated="true"
125-->src\main\AndroidManifest.xml:42:13-47
126            android:launchMode="singleTop"
126-->src\main\AndroidManifest.xml:43:13-43
127            android:theme="@style/LaunchTheme"
127-->src\main\AndroidManifest.xml:44:13-47
128            android:windowSoftInputMode="adjustResize" >
128-->src\main\AndroidManifest.xml:45:13-55
129            <intent-filter>
129-->src\main\AndroidManifest.xml:47:13-56:29
130                <action android:name="android.intent.action.VIEW" />
130-->src\main\AndroidManifest.xml:48:17-69
130-->src\main\AndroidManifest.xml:48:25-66
131
132                <category android:name="android.intent.category.DEFAULT" />
132-->src\main\AndroidManifest.xml:50:17-76
132-->src\main\AndroidManifest.xml:50:27-73
133                <category android:name="android.intent.category.BROWSABLE" />
133-->src\main\AndroidManifest.xml:51:17-78
133-->src\main\AndroidManifest.xml:51:27-75
134
135                <data
135-->src\main\AndroidManifest.xml:53:17-55:46
136                    android:host="www.google.com"
136-->src\main\AndroidManifest.xml:54:21-50
137                    android:scheme="https" />
137-->src\main\AndroidManifest.xml:55:21-43
138            </intent-filter>
139
140            <meta-data
140-->src\main\AndroidManifest.xml:58:13-60:57
141                android:name="io.flutter.embedding.android.NormalTheme"
141-->src\main\AndroidManifest.xml:59:17-72
142                android:resource="@style/NormalTheme" />
142-->src\main\AndroidManifest.xml:60:17-54
143            <meta-data
143-->src\main\AndroidManifest.xml:62:13-64:66
144                android:name="io.flutter.embedding.android.SplashScreenDrawable"
144-->src\main\AndroidManifest.xml:63:17-81
145                android:resource="@drawable/launch_background" />
145-->src\main\AndroidManifest.xml:64:17-63
146
147            <intent-filter>
147-->src\main\AndroidManifest.xml:66:13-71:29
148                <action android:name="android.intent.action.MAIN" />
148-->src\main\AndroidManifest.xml:67:17-69
148-->src\main\AndroidManifest.xml:67:25-66
149                <action android:name="android.intent.action.VIEW" />
149-->src\main\AndroidManifest.xml:48:17-69
149-->src\main\AndroidManifest.xml:48:25-66
150
151                <category android:name="android.intent.category.LAUNCHER" />
151-->src\main\AndroidManifest.xml:70:17-77
151-->src\main\AndroidManifest.xml:70:27-74
152            </intent-filter>
153        </activity>
154
155        <meta-data
155-->src\main\AndroidManifest.xml:75:9-77:33
156            android:name="flutterEmbedding"
156-->src\main\AndroidManifest.xml:76:13-44
157            android:value="2" />
157-->src\main\AndroidManifest.xml:77:13-30
158
159        <provider
160            android:name="com.pichillilorenzo.flutter_inappwebview.InAppWebViewFileProvider"
160-->src\main\AndroidManifest.xml:81:13-93
161            android:authorities="com.harmani.paneduapp.flutter_inappwebview.fileprovider"
161-->src\main\AndroidManifest.xml:82:13-85
162            android:exported="false"
162-->src\main\AndroidManifest.xml:83:13-37
163            android:grantUriPermissions="true" >
163-->src\main\AndroidManifest.xml:84:13-47
164            <meta-data
164-->src\main\AndroidManifest.xml:85:13-87:54
165                android:name="android.support.FILE_PROVIDER_PATHS"
165-->src\main\AndroidManifest.xml:86:17-67
166                android:resource="@xml/file_paths" />
166-->src\main\AndroidManifest.xml:87:17-51
167        </provider>
168
169        <meta-data
169-->src\main\AndroidManifest.xml:89:9-91:36
170            android:name="com.onesignal.suppressLaunchURLs"
170-->src\main\AndroidManifest.xml:90:13-60
171            android:value="true" />
171-->src\main\AndroidManifest.xml:91:13-33
172
173        <service
173-->[:firebase_in_app_messaging] AndroidManifest.xml:10:9-14:19
174            android:name="com.google.firebase.components.ComponentDiscoveryService"
174-->[:firebase_in_app_messaging] AndroidManifest.xml:10:18-89
175            android:directBootAware="true"
175-->[com.google.firebase:firebase-common:20.3.2] AndroidManifest.xml:34:13-43
176            android:exported="false" >
176-->[com.google.firebase:firebase-iid:21.1.0] AndroidManifest.xml:31:13-37
177            <meta-data
177-->[:firebase_in_app_messaging] AndroidManifest.xml:11:13-13:85
178                android:name="com.google.firebase.components:io.flutter.plugins.firebase.inappmessaging.FlutterFirebaseAppRegistrar"
178-->[:firebase_in_app_messaging] AndroidManifest.xml:12:17-133
179                android:value="com.google.firebase.components.ComponentRegistrar" />
179-->[:firebase_in_app_messaging] AndroidManifest.xml:13:17-82
180            <meta-data
180-->[:firebase_messaging] AndroidManifest.xml:38:13-40:85
181                android:name="com.google.firebase.components:io.flutter.plugins.firebase.messaging.FlutterFirebaseAppRegistrar"
181-->[:firebase_messaging] AndroidManifest.xml:39:17-128
182                android:value="com.google.firebase.components.ComponentRegistrar" />
182-->[:firebase_messaging] AndroidManifest.xml:40:17-82
183            <meta-data
183-->[:firebase_core] AndroidManifest.xml:11:13-13:85
184                android:name="com.google.firebase.components:io.flutter.plugins.firebase.core.FlutterFirebaseCoreRegistrar"
184-->[:firebase_core] AndroidManifest.xml:12:17-124
185                android:value="com.google.firebase.components.ComponentRegistrar" />
185-->[:firebase_core] AndroidManifest.xml:13:17-82
186            <meta-data
186-->[com.google.firebase:firebase-iid:21.1.0] AndroidManifest.xml:32:13-34:85
187                android:name="com.google.firebase.components:com.google.firebase.iid.Registrar"
187-->[com.google.firebase:firebase-iid:21.1.0] AndroidManifest.xml:33:17-96
188                android:value="com.google.firebase.components.ComponentRegistrar" />
188-->[com.google.firebase:firebase-iid:21.1.0] AndroidManifest.xml:34:17-82
189            <meta-data
189-->[com.google.android.gms:play-services-measurement-api:21.2.2] AndroidManifest.xml:31:13-33:85
190                android:name="com.google.firebase.components:com.google.firebase.analytics.connector.internal.AnalyticsConnectorRegistrar"
190-->[com.google.android.gms:play-services-measurement-api:21.2.2] AndroidManifest.xml:32:17-139
191                android:value="com.google.firebase.components.ComponentRegistrar" />
191-->[com.google.android.gms:play-services-measurement-api:21.2.2] AndroidManifest.xml:33:17-82
192            <meta-data
192-->[com.google.firebase:firebase-messaging:23.1.2] AndroidManifest.xml:55:13-57:85
193                android:name="com.google.firebase.components:com.google.firebase.messaging.FirebaseMessagingRegistrar"
193-->[com.google.firebase:firebase-messaging:23.1.2] AndroidManifest.xml:56:17-119
194                android:value="com.google.firebase.components.ComponentRegistrar" />
194-->[com.google.firebase:firebase-messaging:23.1.2] AndroidManifest.xml:57:17-82
195            <meta-data
195-->[com.google.firebase:firebase-inappmessaging-display:20.3.2] AndroidManifest.xml:24:13-26:85
196                android:name="com.google.firebase.components:com.google.firebase.inappmessaging.display.FirebaseInAppMessagingDisplayRegistrar"
196-->[com.google.firebase:firebase-inappmessaging-display:20.3.2] AndroidManifest.xml:25:17-144
197                android:value="com.google.firebase.components.ComponentRegistrar" />
197-->[com.google.firebase:firebase-inappmessaging-display:20.3.2] AndroidManifest.xml:26:17-82
198            <meta-data
198-->[com.google.firebase:firebase-inappmessaging:20.3.2] AndroidManifest.xml:16:13-18:85
199                android:name="com.google.firebase.components:com.google.firebase.inappmessaging.FirebaseInAppMessagingRegistrar"
199-->[com.google.firebase:firebase-inappmessaging:20.3.2] AndroidManifest.xml:17:17-129
200                android:value="com.google.firebase.components.ComponentRegistrar" />
200-->[com.google.firebase:firebase-inappmessaging:20.3.2] AndroidManifest.xml:18:17-82
201            <meta-data
201-->[com.google.firebase:firebase-installations:17.1.3] AndroidManifest.xml:17:13-19:85
202                android:name="com.google.firebase.components:com.google.firebase.installations.FirebaseInstallationsRegistrar"
202-->[com.google.firebase:firebase-installations:17.1.3] AndroidManifest.xml:18:17-127
203                android:value="com.google.firebase.components.ComponentRegistrar" />
203-->[com.google.firebase:firebase-installations:17.1.3] AndroidManifest.xml:19:17-82
204            <meta-data
204-->[com.google.firebase:firebase-datatransport:18.1.7] AndroidManifest.xml:27:13-29:85
205                android:name="com.google.firebase.components:com.google.firebase.datatransport.TransportRegistrar"
205-->[com.google.firebase:firebase-datatransport:18.1.7] AndroidManifest.xml:28:17-115
206                android:value="com.google.firebase.components.ComponentRegistrar" />
206-->[com.google.firebase:firebase-datatransport:18.1.7] AndroidManifest.xml:29:17-82
207            <meta-data
207-->[com.google.firebase:firebase-abt:21.1.1] AndroidManifest.xml:12:13-14:85
208                android:name="com.google.firebase.components:com.google.firebase.abt.component.AbtRegistrar"
208-->[com.google.firebase:firebase-abt:21.1.1] AndroidManifest.xml:13:17-109
209                android:value="com.google.firebase.components.ComponentRegistrar" />
209-->[com.google.firebase:firebase-abt:21.1.1] AndroidManifest.xml:14:17-82
210        </service>
211        <service
211-->[:firebase_messaging] AndroidManifest.xml:16:9-19:72
212            android:name="io.flutter.plugins.firebase.messaging.FlutterFirebaseMessagingBackgroundService"
212-->[:firebase_messaging] AndroidManifest.xml:17:13-107
213            android:exported="false"
213-->[:firebase_messaging] AndroidManifest.xml:18:13-37
214            android:permission="android.permission.BIND_JOB_SERVICE" />
214-->[:firebase_messaging] AndroidManifest.xml:19:13-69
215        <service
215-->[:firebase_messaging] AndroidManifest.xml:20:9-26:19
216            android:name="io.flutter.plugins.firebase.messaging.FlutterFirebaseMessagingService"
216-->[:firebase_messaging] AndroidManifest.xml:21:13-97
217            android:exported="false" >
217-->[:firebase_messaging] AndroidManifest.xml:22:13-37
218            <intent-filter>
218-->[:firebase_messaging] AndroidManifest.xml:23:13-25:29
219                <action android:name="com.google.firebase.MESSAGING_EVENT" />
219-->[:firebase_messaging] AndroidManifest.xml:24:17-78
219-->[:firebase_messaging] AndroidManifest.xml:24:25-75
220            </intent-filter>
221        </service>
222
223        <receiver
223-->[:firebase_messaging] AndroidManifest.xml:28:9-35:20
224            android:name="io.flutter.plugins.firebase.messaging.FlutterFirebaseMessagingReceiver"
224-->[:firebase_messaging] AndroidManifest.xml:29:13-98
225            android:exported="true"
225-->[:firebase_messaging] AndroidManifest.xml:30:13-36
226            android:permission="com.google.android.c2dm.permission.SEND" >
226-->[:firebase_messaging] AndroidManifest.xml:31:13-73
227            <intent-filter>
227-->[:firebase_messaging] AndroidManifest.xml:32:13-34:29
228                <action android:name="com.google.android.c2dm.intent.RECEIVE" />
228-->[:firebase_messaging] AndroidManifest.xml:33:17-81
228-->[:firebase_messaging] AndroidManifest.xml:33:25-78
229            </intent-filter>
230        </receiver>
231
232        <provider
232-->[:firebase_messaging] AndroidManifest.xml:43:9-47:38
233            android:name="io.flutter.plugins.firebase.messaging.FlutterFirebaseMessagingInitProvider"
233-->[:firebase_messaging] AndroidManifest.xml:44:13-102
234            android:authorities="com.harmani.paneduapp.flutterfirebasemessaginginitprovider"
234-->[:firebase_messaging] AndroidManifest.xml:45:13-88
235            android:exported="false"
235-->[:firebase_messaging] AndroidManifest.xml:46:13-37
236            android:initOrder="99" />
236-->[:firebase_messaging] AndroidManifest.xml:47:13-35
237
238        <activity
238-->[:url_launcher_android] AndroidManifest.xml:10:9-13:74
239            android:name="io.flutter.plugins.urllauncher.WebViewActivity"
239-->[:url_launcher_android] AndroidManifest.xml:11:13-74
240            android:exported="false"
240-->[:url_launcher_android] AndroidManifest.xml:12:13-37
241            android:theme="@android:style/Theme.NoTitleBar.Fullscreen" />
241-->[:url_launcher_android] AndroidManifest.xml:13:13-71
242
243        <meta-data
243-->[:google_mobile_ads] AndroidManifest.xml:12:9-14:36
244            android:name="io.flutter.embedded_views_preview"
244-->[:google_mobile_ads] AndroidManifest.xml:13:13-61
245            android:value="true" />
245-->[:google_mobile_ads] AndroidManifest.xml:14:13-33
246
247        <activity
247-->[:flutter_inappwebview] AndroidManifest.xml:16:9-20:47
248            android:name="com.pichillilorenzo.flutter_inappwebview.in_app_browser.InAppBrowserActivity"
248-->[:flutter_inappwebview] AndroidManifest.xml:17:13-104
249            android:configChanges="orientation|keyboardHidden|keyboard|screenSize|locale|layoutDirection|fontScale|screenLayout|density"
249-->[:flutter_inappwebview] AndroidManifest.xml:18:13-137
250            android:exported="false"
250-->[:flutter_inappwebview] AndroidManifest.xml:19:13-37
251            android:theme="@style/AppTheme" />
251-->[:flutter_inappwebview] AndroidManifest.xml:20:13-44
252        <activity
252-->[:flutter_inappwebview] AndroidManifest.xml:21:9-24:55
253            android:name="com.pichillilorenzo.flutter_inappwebview.chrome_custom_tabs.ChromeCustomTabsActivity"
253-->[:flutter_inappwebview] AndroidManifest.xml:22:13-112
254            android:exported="false"
254-->[:flutter_inappwebview] AndroidManifest.xml:23:13-37
255            android:theme="@style/ThemeTransparent" />
255-->[:flutter_inappwebview] AndroidManifest.xml:24:13-52
256        <activity
256-->[:flutter_inappwebview] AndroidManifest.xml:25:9-28:55
257            android:name="com.pichillilorenzo.flutter_inappwebview.chrome_custom_tabs.TrustedWebActivity"
257-->[:flutter_inappwebview] AndroidManifest.xml:26:13-106
258            android:exported="false"
258-->[:flutter_inappwebview] AndroidManifest.xml:27:13-37
259            android:theme="@style/ThemeTransparent" />
259-->[:flutter_inappwebview] AndroidManifest.xml:28:13-52
260        <activity
260-->[:flutter_inappwebview] AndroidManifest.xml:29:9-33:55
261            android:name="com.pichillilorenzo.flutter_inappwebview.chrome_custom_tabs.ChromeCustomTabsActivitySingleInstance"
261-->[:flutter_inappwebview] AndroidManifest.xml:30:13-126
262            android:exported="false"
262-->[:flutter_inappwebview] AndroidManifest.xml:31:13-37
263            android:launchMode="singleInstance"
263-->[:flutter_inappwebview] AndroidManifest.xml:32:13-48
264            android:theme="@style/ThemeTransparent" />